  frame.cpp
c:\users\james\source\repos\onitageditor\onitageditor\frame.cpp(12): fatal error C1010: unexpected end of file while looking for precompiled header. Did you forget to add '#include "stdafx.h"' to your source?
  frame_body.cpp
c:\users\james\source\repos\onitageditor\onitageditor\frame_body.cpp(2): fatal error C1010: unexpected end of file while looking for precompiled header. Did you forget to add '#include "stdafx.h"' to your source?
  frame_header.cpp
c:\users\james\source\repos\onitageditor\onitageditor\frame_header.cpp(6): fatal error C1010: unexpected end of file while looking for precompiled header. Did you forget to add '#include "stdafx.h"' to your source?
  frame_types.cpp
c:\users\james\source\repos\onitageditor\onitageditor\frame_types.cpp(82): fatal error C1010: unexpected end of file while looking for precompiled header. Did you forget to add '#include "stdafx.h"' to your source?
  id3v1.cpp
c:\users\james\source\repos\onitageditor\onitageditor\id3v1.cpp(37): fatal error C1010: unexpected end of file while looking for precompiled header. Did you forget to add '#include "stdafx.h"' to your source?
  id3v1_utils.cpp
c:\users\james\source\repos\onitageditor\onitageditor\id3v1_utils.cpp(203): fatal error C1010: unexpected end of file while looking for precompiled header. Did you forget to add '#include "stdafx.h"' to your source?
  id3v2.cpp
c:\users\james\source\repos\onitageditor\onitageditor\id3v2.cpp(34): fatal error C1010: unexpected end of file while looking for precompiled header. Did you forget to add '#include "stdafx.h"' to your source?
  oni_tag_editor.cpp
c:\users\james\source\repos\onitageditor\onitageditor\oni_tag_editor.cpp(234): fatal error C1010: unexpected end of file while looking for precompiled header. Did you forget to add '#include "stdafx.h"' to your source?
  tag.cpp
c:\users\james\source\repos\onitageditor\onitageditor\tag.cpp(17): fatal error C1010: unexpected end of file while looking for precompiled header. Did you forget to add '#include "stdafx.h"' to your source?
  tag_header.cpp
c:\users\james\source\repos\onitageditor\onitageditor\tag_header.cpp(2): fatal error C1010: unexpected end of file while looking for precompiled header. Did you forget to add '#include "stdafx.h"' to your source?
  Compiling...
  Generating Code...
